<?xml version="1.0" encoding="UTF-8"?>
<!-- Generated by org.testng.reporters.JUnitReportReporter -->
<testsuite hostname="DESKTOP-G965QI4" failures="0" tests="1" name="stream.example.StreamTestExample" time="0.018" errors="0" timestamp="2023-12-29T21:20:06 IST" skipped="0">
  <testcase classname="stream.example.StreamTestExample" name="regular" time="0.018"/>
</testsuite> <!-- stream.example.StreamTestExample -->
